{"C:\\Users\\Public\\patika\\ReactNativeProjects\\myLibrary\\src\\assets\\styles\\colors.js": {"path":"C:\\Users\\Public\\patika\\ReactNativeProjects\\myLibrary\\src\\assets\\styles\\colors.js","statementMap":{"0":{"start":{"line":1,"column":15},"end":{"line":9,"column":1}}},"fnMap":{},"branchMap":{},"s":{"0":2},"f":{},"b":{},"_coverageSchema":"1a1c01bbd47fc00a2c39e90264f33305004495a9","hash":"337afc848a9b7f079fa1bbb1f6d9f3340a9b7c64"}
,"C:\\Users\\Public\\patika\\ReactNativeProjects\\myLibrary\\src\\components\\Button\\Button.js": {"path":"C:\\Users\\Public\\patika\\ReactNativeProjects\\myLibrary\\src\\components\\Button\\Button.js","statementMap":{"0":{"start":{"line":6,"column":15},"end":{"line":22,"column":1}},"1":{"start":{"line":7,"column":2},"end":{"line":21,"column":4}}},"fnMap":{"0":{"name":"(anonymous_0)","decl":{"start":{"line":6,"column":15},"end":{"line":6,"column":16}},"loc":{"start":{"line":6,"column":64},"end":{"line":22,"column":1}},"line":6}},"branchMap":{"0":{"loc":{"start":{"line":6,"column":41},"end":{"line":6,"column":58}},"type":"default-arg","locations":[{"start":{"line":6,"column":49},"end":{"line":6,"column":58}}],"line":6},"1":{"loc":{"start":{"line":13,"column":7},"end":{"line":19,"column":7}},"type":"cond-expr","locations":[{"start":{"line":14,"column":8},"end":{"line":14,"column":69}},{"start":{"line":16,"column":8},"end":{"line":18,"column":15}}],"line":13}},"s":{"0":1,"1":5},"f":{"0":5},"b":{"0":[4],"1":[1,4]},"_coverageSchema":"1a1c01bbd47fc00a2c39e90264f33305004495a9","hash":"c56d530cc1dfd3953edf643194695bfb3ede6a77"}
,"C:\\Users\\Public\\patika\\ReactNativeProjects\\myLibrary\\src\\components\\Button\\Button.styles.js": {"path":"C:\\Users\\Public\\patika\\ReactNativeProjects\\myLibrary\\src\\components\\Button\\Button.styles.js","statementMap":{"0":{"start":{"line":4,"column":19},"end":{"line":15,"column":2}}},"fnMap":{},"branchMap":{},"s":{"0":1},"f":{},"b":{},"_coverageSchema":"1a1c01bbd47fc00a2c39e90264f33305004495a9","hash":"c92dcee5710abe12709494bfd17e574eeac1a96d"}
,"C:\\Users\\Public\\patika\\ReactNativeProjects\\myLibrary\\src\\components\\Button\\index.js": {"path":"C:\\Users\\Public\\patika\\ReactNativeProjects\\myLibrary\\src\\components\\Button\\index.js","statementMap":{},"fnMap":{},"branchMap":{},"s":{},"f":{},"b":{},"_coverageSchema":"1a1c01bbd47fc00a2c39e90264f33305004495a9","hash":"10b0dbd352f8a6a8cf670c41b4103765c59773c9"}
,"C:\\Users\\Public\\patika\\ReactNativeProjects\\myLibrary\\src\\components\\Input\\Input.js": {"path":"C:\\Users\\Public\\patika\\ReactNativeProjects\\myLibrary\\src\\components\\Input\\Input.js","statementMap":{"0":{"start":{"line":9,"column":14},"end":{"line":24,"column":1}},"1":{"start":{"line":10,"column":2},"end":{"line":23,"column":4}}},"fnMap":{"0":{"name":"(anonymous_0)","decl":{"start":{"line":9,"column":14},"end":{"line":9,"column":15}},"loc":{"start":{"line":9,"column":68},"end":{"line":24,"column":1}},"line":9}},"branchMap":{},"s":{"0":1,"1":5},"f":{"0":5},"b":{},"_coverageSchema":"1a1c01bbd47fc00a2c39e90264f33305004495a9","hash":"36311bfc47c80dc9c20a6fb42ea4b73ae5d34953"}
,"C:\\Users\\Public\\patika\\ReactNativeProjects\\myLibrary\\src\\components\\Input\\Input.styles.js": {"path":"C:\\Users\\Public\\patika\\ReactNativeProjects\\myLibrary\\src\\components\\Input\\Input.styles.js","statementMap":{},"fnMap":{},"branchMap":{},"s":{},"f":{},"b":{},"_coverageSchema":"1a1c01bbd47fc00a2c39e90264f33305004495a9","hash":"32c1fde689f41e197763b9a726852caf920cda94"}
,"C:\\Users\\Public\\patika\\ReactNativeProjects\\myLibrary\\src\\components\\Input\\index.js": {"path":"C:\\Users\\Public\\patika\\ReactNativeProjects\\myLibrary\\src\\components\\Input\\index.js","statementMap":{},"fnMap":{},"branchMap":{},"s":{},"f":{},"b":{},"_coverageSchema":"1a1c01bbd47fc00a2c39e90264f33305004495a9","hash":"4754b07e1750d6f1754874727ffb0d847a5e76f1"}
}
